Removed Pin From Net: NetName=A8 Pin=P2-1
Removed Pin From Net: NetName=A7 Pin=P2-2
Removed Pin From Net: NetName=A6 Pin=P2-3
Removed Pin From Net: NetName=A5 Pin=P2-4
Removed Pin From Net: NetName=GR1 Pin=P2-5
Removed Pin From Net: NetName=GR2 Pin=P2-6
Removed Pin From Net: NetName=GR3 Pin=P2-7
Removed Pin From Net: NetName=GR4 Pin=P2-8
Removed Pin From Net: NetName=GR5 Pin=P2-9
Removed Pin From Net: NetName=GR6 Pin=P2-10
Removed Pin From Net: NetName=GR7 Pin=P2-11
Removed Pin From Net: NetName=GR8 Pin=P2-12
Removed Pin From Net: NetName=A4 Pin=P2-13
Removed Pin From Net: NetName=A3 Pin=P2-14
Removed Pin From Net: NetName=A2 Pin=P2-15
Removed Pin From Net: NetName=A1 Pin=P2-16
Added Pin To Net: NetName=A1 Pin=P2-1
Added Pin To Net: NetName=A2 Pin=P2-2
Added Pin To Net: NetName=A3 Pin=P2-3
Added Pin To Net: NetName=A4 Pin=P2-4
Added Pin To Net: NetName=GR8 Pin=P2-5
Added Pin To Net: NetName=GR7 Pin=P2-6
Added Pin To Net: NetName=GR6 Pin=P2-7
Added Pin To Net: NetName=GR5 Pin=P2-8
Added Pin To Net: NetName=GR4 Pin=P2-9
Added Pin To Net: NetName=GR3 Pin=P2-10
Added Pin To Net: NetName=GR2 Pin=P2-11
Added Pin To Net: NetName=GR1 Pin=P2-12
Added Pin To Net: NetName=A5 Pin=P2-13
Added Pin To Net: NetName=A6 Pin=P2-14
Added Pin To Net: NetName=A7 Pin=P2-15
Added Pin To Net: NetName=A8 Pin=P2-16
Added Member To Class: ClassName=schematic Member=Component U3 74HC595
Added Room: Name=schematic
