Removed Pin From Net: NetName=BL1 Pin=P1-1
Removed Pin From Net: NetName=BL2 Pin=P1-2
Removed Pin From Net: NetName=BL3 Pin=P1-3
Removed Pin From Net: NetName=BL4 Pin=P1-4
Removed Pin From Net: NetName=BL5 Pin=P1-5
Removed Pin From Net: NetName=BL6 Pin=P1-6
Removed Pin From Net: NetName=BL7 Pin=P1-7
Removed Pin From Net: NetName=BL8 Pin=P1-8
Removed Pin From Net: NetName=RD1 Pin=P1-9
Removed Pin From Net: NetName=RD2 Pin=P1-10
Removed Pin From Net: NetName=RD3 Pin=P1-11
Removed Pin From Net: NetName=RD4 Pin=P1-12
Removed Pin From Net: NetName=RD5 Pin=P1-13
Removed Pin From Net: NetName=RD6 Pin=P1-14
Removed Pin From Net: NetName=RD7 Pin=P1-15
Removed Pin From Net: NetName=RD8 Pin=P1-16
Added Pin To Net: NetName=BL8 Pin=P1-1
Added Pin To Net: NetName=BL7 Pin=P1-2
Added Pin To Net: NetName=BL6 Pin=P1-3
Added Pin To Net: NetName=BL5 Pin=P1-4
Added Pin To Net: NetName=BL4 Pin=P1-5
Added Pin To Net: NetName=BL3 Pin=P1-6
Added Pin To Net: NetName=BL2 Pin=P1-7
Added Pin To Net: NetName=BL1 Pin=P1-8
Added Pin To Net: NetName=RD8 Pin=P1-9
Added Pin To Net: NetName=RD7 Pin=P1-10
Added Pin To Net: NetName=RD6 Pin=P1-11
Added Pin To Net: NetName=RD5 Pin=P1-12
Added Pin To Net: NetName=RD4 Pin=P1-13
Added Pin To Net: NetName=RD3 Pin=P1-14
Added Pin To Net: NetName=RD2 Pin=P1-15
Added Pin To Net: NetName=RD1 Pin=P1-16
Added Room: Name=schematic
