Added Component: Designator=C1(6-0805_M)
Added Component: Designator=C2(6-0805_M)
Added Component: Designator=C3(6-0805_M)
Added Component: Designator=C4(6-0805_M)
Added Component: Designator=C5(6-0805_M)
Added Component: Designator=P1(HDR1X16)
Added Component: Designator=P2(HDR1X16)
Added Component: Designator=P3(HDR1X5)
Added Component: Designator=P4(HDR1X5)
Added Component: Designator=Q1(SOT95P237X112-3M)
Added Component: Designator=Q2(SOT95P237X112-3M)
Added Component: Designator=Q3(SOT95P237X112-3M)
Added Component: Designator=Q4(SOT95P237X112-3M)
Added Component: Designator=Q5(SOT95P237X112-3M)
Added Component: Designator=Q6(SOT95P237X112-3M)
Added Component: Designator=Q7(SOT95P237X112-3M)
Added Component: Designator=Q8(SOT95P237X112-3M)
Added Component: Designator=R1(AXIAL-0.4)
Added Component: Designator=R2(AXIAL-0.4)
Added Component: Designator=R3(AXIAL-0.4)
Added Component: Designator=R4(AXIAL-0.4)
Added Component: Designator=R5(AXIAL-0.4)
Added Component: Designator=R6(AXIAL-0.4)
Added Component: Designator=R7(AXIAL-0.4)
Added Component: Designator=R8(AXIAL-0.4)
Added Component: Designator=R9(AXIAL-0.4)
Added Component: Designator=R10(AXIAL-0.4)
Added Component: Designator=R11(AXIAL-0.4)
Added Component: Designator=R12(AXIAL-0.4)
Added Component: Designator=R13(AXIAL-0.4)
Added Component: Designator=R14(AXIAL-0.4)
Added Component: Designator=R15(AXIAL-0.4)
Added Component: Designator=R16(AXIAL-0.4)
Added Component: Designator=R17(AXIAL-0.4)
Added Component: Designator=R18(AXIAL-0.4)
Added Component: Designator=R19(AXIAL-0.4)
Added Component: Designator=R20(AXIAL-0.4)
Added Component: Designator=R21(AXIAL-0.4)
Added Component: Designator=R22(AXIAL-0.4)
Added Component: Designator=R23(AXIAL-0.4)
Added Component: Designator=R24(AXIAL-0.4)
Added Component: Designator=R25(AXIAL-0.4)
Added Component: Designator=R26(AXIAL-0.4)
Added Component: Designator=R27(AXIAL-0.4)
Added Component: Designator=R28(AXIAL-0.4)
Added Component: Designator=R29(AXIAL-0.4)
Added Component: Designator=R30(AXIAL-0.4)
Added Component: Designator=R31(AXIAL-0.4)
Added Component: Designator=R32(AXIAL-0.4)
Added Component: Designator=U1(TSOP65P640X110-16M)
Added Component: Designator=U2(TSOP65P640X110-16M)
Added Component: Designator=U3(TSOP65P640X110-16M)
Added Component: Designator=U4(TSOP65P640X110-16M)
Added Pin To Net: NetName=A1 Pin=P2-1
Added Pin To Net: NetName=A1 Pin=Q1-2
Added Net: Name=A1
Added Pin To Net: NetName=A2 Pin=P2-2
Added Pin To Net: NetName=A2 Pin=Q2-2
Added Net: Name=A2
Added Pin To Net: NetName=A3 Pin=P2-3
Added Pin To Net: NetName=A3 Pin=Q3-2
Added Net: Name=A3
Added Pin To Net: NetName=A4 Pin=P2-4
Added Pin To Net: NetName=A4 Pin=Q4-2
Added Net: Name=A4
Added Pin To Net: NetName=A5 Pin=P2-13
Added Pin To Net: NetName=A5 Pin=Q5-2
Added Net: Name=A5
Added Pin To Net: NetName=A6 Pin=P2-14
Added Pin To Net: NetName=A6 Pin=Q6-2
Added Net: Name=A6
Added Pin To Net: NetName=A7 Pin=P2-15
Added Pin To Net: NetName=A7 Pin=Q7-2
Added Net: Name=A7
Added Pin To Net: NetName=A8 Pin=P2-16
Added Pin To Net: NetName=A8 Pin=Q8-2
Added Net: Name=A8
Added Pin To Net: NetName=BL1 Pin=P1-1
Added Pin To Net: NetName=BL1 Pin=R1-2
Added Net: Name=BL1
Added Pin To Net: NetName=BL2 Pin=P1-2
Added Pin To Net: NetName=BL2 Pin=R2-2
Added Net: Name=BL2
Added Pin To Net: NetName=BL3 Pin=P1-3
Added Pin To Net: NetName=BL3 Pin=R3-2
Added Net: Name=BL3
Added Pin To Net: NetName=BL4 Pin=P1-4
Added Pin To Net: NetName=BL4 Pin=R4-2
Added Net: Name=BL4
Added Pin To Net: NetName=BL5 Pin=P1-5
Added Pin To Net: NetName=BL5 Pin=R5-2
Added Net: Name=BL5
Added Pin To Net: NetName=BL6 Pin=P1-6
Added Pin To Net: NetName=BL6 Pin=R6-2
Added Net: Name=BL6
Added Pin To Net: NetName=BL7 Pin=P1-7
Added Pin To Net: NetName=BL7 Pin=R7-2
Added Net: Name=BL7
Added Pin To Net: NetName=BL8 Pin=P1-8
Added Pin To Net: NetName=BL8 Pin=R8-2
Added Net: Name=BL8
Added Pin To Net: NetName=G1 Pin=Q1-1
Added Pin To Net: NetName=G1 Pin=R25-2
Added Net: Name=G1
Added Pin To Net: NetName=G2 Pin=Q2-1
Added Pin To Net: NetName=G2 Pin=R26-2
Added Net: Name=G2
Added Pin To Net: NetName=G3 Pin=Q3-1
Added Pin To Net: NetName=G3 Pin=R27-2
Added Net: Name=G3
Added Pin To Net: NetName=G4 Pin=Q4-1
Added Pin To Net: NetName=G4 Pin=R28-2
Added Net: Name=G4
Added Pin To Net: NetName=G5 Pin=Q5-1
Added Pin To Net: NetName=G5 Pin=R29-2
Added Net: Name=G5
Added Pin To Net: NetName=G6 Pin=Q6-1
Added Pin To Net: NetName=G6 Pin=R30-2
Added Net: Name=G6
Added Pin To Net: NetName=G7 Pin=Q7-1
Added Pin To Net: NetName=G7 Pin=R31-2
Added Net: Name=G7
Added Pin To Net: NetName=G8 Pin=Q8-1
Added Pin To Net: NetName=G8 Pin=R32-2
Added Net: Name=G8
Added Pin To Net: NetName=GND Pin=C1-1
Added Pin To Net: NetName=GND Pin=C2-1
Added Pin To Net: NetName=GND Pin=C3-1
Added Pin To Net: NetName=GND Pin=C4-1
Added Pin To Net: NetName=GND Pin=C5-1
Added Pin To Net: NetName=GND Pin=P3-5
Added Pin To Net: NetName=GND Pin=P4-5
Added Pin To Net: NetName=GND Pin=U1-8
Added Pin To Net: NetName=GND Pin=U1-13
Added Pin To Net: NetName=GND Pin=U2-8
Added Pin To Net: NetName=GND Pin=U2-13
Added Pin To Net: NetName=GND Pin=U3-8
Added Pin To Net: NetName=GND Pin=U3-13
Added Pin To Net: NetName=GND Pin=U4-8
Added Pin To Net: NetName=GND Pin=U4-13
Added Net: Name=GND
Added Pin To Net: NetName=GR1 Pin=P2-5
Added Pin To Net: NetName=GR1 Pin=R17-2
Added Net: Name=GR1
Added Pin To Net: NetName=GR2 Pin=P2-6
Added Pin To Net: NetName=GR2 Pin=R18-2
Added Net: Name=GR2
Added Pin To Net: NetName=GR3 Pin=P2-7
Added Pin To Net: NetName=GR3 Pin=R19-2
Added Net: Name=GR3
Added Pin To Net: NetName=GR4 Pin=P2-8
Added Pin To Net: NetName=GR4 Pin=R20-2
Added Net: Name=GR4
Added Pin To Net: NetName=GR5 Pin=P2-9
Added Pin To Net: NetName=GR5 Pin=R21-2
Added Net: Name=GR5
Added Pin To Net: NetName=GR6 Pin=P2-10
Added Pin To Net: NetName=GR6 Pin=R22-2
Added Net: Name=GR6
Added Pin To Net: NetName=GR7 Pin=P2-11
Added Pin To Net: NetName=GR7 Pin=R23-2
Added Net: Name=GR7
Added Pin To Net: NetName=GR8 Pin=P2-12
Added Pin To Net: NetName=GR8 Pin=R24-2
Added Net: Name=GR8
Added Pin To Net: NetName=LT Pin=P3-3
Added Pin To Net: NetName=LT Pin=P4-3
Added Pin To Net: NetName=LT Pin=U1-12
Added Pin To Net: NetName=LT Pin=U2-12
Added Pin To Net: NetName=LT Pin=U3-12
Added Pin To Net: NetName=LT Pin=U4-12
Added Net: Name=LT
Added Pin To Net: NetName=MOSI Pin=P3-2
Added Pin To Net: NetName=MOSI Pin=P4-2
Added Pin To Net: NetName=MOSI Pin=U1-14
Added Net: Name=MOSI
Added Pin To Net: NetName=NetR1_1 Pin=R1-1
Added Pin To Net: NetName=NetR1_1 Pin=U1-15
Added Net: Name=NetR1_1
Added Pin To Net: NetName=NetR2_1 Pin=R2-1
Added Pin To Net: NetName=NetR2_1 Pin=U1-1
Added Net: Name=NetR2_1
Added Pin To Net: NetName=NetR3_1 Pin=R3-1
Added Pin To Net: NetName=NetR3_1 Pin=U1-2
Added Net: Name=NetR3_1
Added Pin To Net: NetName=NetR4_1 Pin=R4-1
Added Pin To Net: NetName=NetR4_1 Pin=U1-3
Added Net: Name=NetR4_1
Added Pin To Net: NetName=NetR5_1 Pin=R5-1
Added Pin To Net: NetName=NetR5_1 Pin=U1-4
Added Net: Name=NetR5_1
Added Pin To Net: NetName=NetR6_1 Pin=R6-1
Added Pin To Net: NetName=NetR6_1 Pin=U1-5
Added Net: Name=NetR6_1
Added Pin To Net: NetName=NetR7_1 Pin=R7-1
Added Pin To Net: NetName=NetR7_1 Pin=U1-6
Added Net: Name=NetR7_1
Added Pin To Net: NetName=NetR8_1 Pin=R8-1
Added Pin To Net: NetName=NetR8_1 Pin=U1-7
Added Net: Name=NetR8_1
Added Pin To Net: NetName=NetR9_1 Pin=R9-1
Added Pin To Net: NetName=NetR9_1 Pin=U2-15
Added Net: Name=NetR9_1
Added Pin To Net: NetName=NetR10_1 Pin=R10-1
Added Pin To Net: NetName=NetR10_1 Pin=U2-1
Added Net: Name=NetR10_1
Added Pin To Net: NetName=NetR11_1 Pin=R11-1
Added Pin To Net: NetName=NetR11_1 Pin=U2-2
Added Net: Name=NetR11_1
Added Pin To Net: NetName=NetR12_1 Pin=R12-1
Added Pin To Net: NetName=NetR12_1 Pin=U2-3
Added Net: Name=NetR12_1
Added Pin To Net: NetName=NetR13_1 Pin=R13-1
Added Pin To Net: NetName=NetR13_1 Pin=U2-4
Added Net: Name=NetR13_1
Added Pin To Net: NetName=NetR14_1 Pin=R14-1
Added Pin To Net: NetName=NetR14_1 Pin=U2-5
Added Net: Name=NetR14_1
Added Pin To Net: NetName=NetR15_1 Pin=R15-1
Added Pin To Net: NetName=NetR15_1 Pin=U2-6
Added Net: Name=NetR15_1
Added Pin To Net: NetName=NetR16_1 Pin=R16-1
Added Pin To Net: NetName=NetR16_1 Pin=U2-7
Added Net: Name=NetR16_1
Added Pin To Net: NetName=NetR17_1 Pin=R17-1
Added Pin To Net: NetName=NetR17_1 Pin=U3-15
Added Net: Name=NetR17_1
Added Pin To Net: NetName=NetR18_1 Pin=R18-1
Added Pin To Net: NetName=NetR18_1 Pin=U3-1
Added Net: Name=NetR18_1
Added Pin To Net: NetName=NetR19_1 Pin=R19-1
Added Pin To Net: NetName=NetR19_1 Pin=U3-2
Added Net: Name=NetR19_1
Added Pin To Net: NetName=NetR20_1 Pin=R20-1
Added Pin To Net: NetName=NetR20_1 Pin=U3-3
Added Net: Name=NetR20_1
Added Pin To Net: NetName=NetR21_1 Pin=R21-1
Added Pin To Net: NetName=NetR21_1 Pin=U3-4
Added Net: Name=NetR21_1
Added Pin To Net: NetName=NetR22_1 Pin=R22-1
Added Pin To Net: NetName=NetR22_1 Pin=U3-5
Added Net: Name=NetR22_1
Added Pin To Net: NetName=NetR23_1 Pin=R23-1
Added Pin To Net: NetName=NetR23_1 Pin=U3-6
Added Net: Name=NetR23_1
Added Pin To Net: NetName=NetR24_1 Pin=R24-1
Added Pin To Net: NetName=NetR24_1 Pin=U3-7
Added Net: Name=NetR24_1
Added Pin To Net: NetName=NetR25_1 Pin=R25-1
Added Pin To Net: NetName=NetR25_1 Pin=U4-15
Added Net: Name=NetR25_1
Added Pin To Net: NetName=NetR26_1 Pin=R26-1
Added Pin To Net: NetName=NetR26_1 Pin=U4-1
Added Net: Name=NetR26_1
Added Pin To Net: NetName=NetR27_1 Pin=R27-1
Added Pin To Net: NetName=NetR27_1 Pin=U4-2
Added Net: Name=NetR27_1
Added Pin To Net: NetName=NetR28_1 Pin=R28-1
Added Pin To Net: NetName=NetR28_1 Pin=U4-3
Added Net: Name=NetR28_1
Added Pin To Net: NetName=NetR29_1 Pin=R29-1
Added Pin To Net: NetName=NetR29_1 Pin=U4-4
Added Net: Name=NetR29_1
Added Pin To Net: NetName=NetR30_1 Pin=R30-1
Added Pin To Net: NetName=NetR30_1 Pin=U4-5
Added Net: Name=NetR30_1
Added Pin To Net: NetName=NetR31_1 Pin=R31-1
Added Pin To Net: NetName=NetR31_1 Pin=U4-6
Added Net: Name=NetR31_1
Added Pin To Net: NetName=NetR32_1 Pin=R32-1
Added Pin To Net: NetName=NetR32_1 Pin=U4-7
Added Net: Name=NetR32_1
Added Pin To Net: NetName=NetU1_72 Pin=U2-14
Added Net: Name=NetU1_72
Added Pin To Net: NetName=NetU2_72 Pin=U3-14
Added Net: Name=NetU2_72
Added Pin To Net: NetName=NetU3_72 Pin=U4-14
Added Net: Name=NetU3_72
Added Net: Name=Q7S
Added Pin To Net: NetName=RD1 Pin=P1-9
Added Pin To Net: NetName=RD1 Pin=R9-2
Added Net: Name=RD1
Added Pin To Net: NetName=RD2 Pin=P1-10
Added Pin To Net: NetName=RD2 Pin=R10-2
Added Net: Name=RD2
Added Pin To Net: NetName=RD3 Pin=P1-11
Added Pin To Net: NetName=RD3 Pin=R11-2
Added Net: Name=RD3
Added Pin To Net: NetName=RD4 Pin=P1-12
Added Pin To Net: NetName=RD4 Pin=R12-2
Added Net: Name=RD4
Added Pin To Net: NetName=RD5 Pin=P1-13
Added Pin To Net: NetName=RD5 Pin=R13-2
Added Net: Name=RD5
Added Pin To Net: NetName=RD6 Pin=P1-14
Added Pin To Net: NetName=RD6 Pin=R14-2
Added Net: Name=RD6
Added Pin To Net: NetName=RD7 Pin=P1-15
Added Pin To Net: NetName=RD7 Pin=R15-2
Added Net: Name=RD7
Added Pin To Net: NetName=RD8 Pin=P1-16
Added Pin To Net: NetName=RD8 Pin=R16-2
Added Net: Name=RD8
Added Pin To Net: NetName=SS Pin=P3-4
Added Pin To Net: NetName=SS Pin=P4-4
Added Pin To Net: NetName=SS Pin=U1-11
Added Pin To Net: NetName=SS Pin=U2-11
Added Pin To Net: NetName=SS Pin=U3-11
Added Pin To Net: NetName=SS Pin=U4-11
Added Net: Name=SS
Added Pin To Net: NetName=VCC Pin=C1-2
Added Pin To Net: NetName=VCC Pin=C2-2
Added Pin To Net: NetName=VCC Pin=C3-2
Added Pin To Net: NetName=VCC Pin=C4-2
Added Pin To Net: NetName=VCC Pin=C5-2
Added Pin To Net: NetName=VCC Pin=P3-1
Added Pin To Net: NetName=VCC Pin=P4-1
Added Pin To Net: NetName=VCC Pin=Q1-3
Added Pin To Net: NetName=VCC Pin=Q2-3
Added Pin To Net: NetName=VCC Pin=Q3-3
Added Pin To Net: NetName=VCC Pin=Q4-3
Added Pin To Net: NetName=VCC Pin=Q5-3
Added Pin To Net: NetName=VCC Pin=Q6-3
Added Pin To Net: NetName=VCC Pin=Q7-3
Added Pin To Net: NetName=VCC Pin=Q8-3
Added Pin To Net: NetName=VCC Pin=U1-10
Added Pin To Net: NetName=VCC Pin=U1-16
Added Pin To Net: NetName=VCC Pin=U2-10
Added Pin To Net: NetName=VCC Pin=U2-16
Added Pin To Net: NetName=VCC Pin=U3-10
Added Pin To Net: NetName=VCC Pin=U3-16
Added Pin To Net: NetName=VCC Pin=U4-10
Added Pin To Net: NetName=VCC Pin=U4-16
Added Net: Name=VCC
Added Class: Name=schematic
Added Room: Name=schematic
