Removed Pin From Net: NetName=BL8 Pin=R1-2
Removed Pin From Net: NetName=BL7 Pin=R2-2
Removed Pin From Net: NetName=BL6 Pin=R3-2
Removed Pin From Net: NetName=BL5 Pin=R4-2
Removed Pin From Net: NetName=BL4 Pin=R5-2
Removed Pin From Net: NetName=BL3 Pin=R6-2
Removed Pin From Net: NetName=BL2 Pin=R7-2
Removed Pin From Net: NetName=BL1 Pin=R8-2
Removed Pin From Net: NetName=RD8 Pin=R9-2
Removed Pin From Net: NetName=RD7 Pin=R10-2
Removed Pin From Net: NetName=RD6 Pin=R11-2
Removed Pin From Net: NetName=RD5 Pin=R12-2
Removed Pin From Net: NetName=RD4 Pin=R13-2
Removed Pin From Net: NetName=RD3 Pin=R14-2
Removed Pin From Net: NetName=RD2 Pin=R15-2
Removed Pin From Net: NetName=RD1 Pin=R16-2
Removed Pin From Net: NetName=GR8 Pin=R17-2
Removed Pin From Net: NetName=GR7 Pin=R18-2
Removed Pin From Net: NetName=GR6 Pin=R19-2
Removed Pin From Net: NetName=GR5 Pin=R20-2
Removed Pin From Net: NetName=GR4 Pin=R21-2
Removed Pin From Net: NetName=GR3 Pin=R22-2
Removed Pin From Net: NetName=GR2 Pin=R23-2
Removed Pin From Net: NetName=GR1 Pin=R24-2
Added Pin To Net: NetName=BL1 Pin=R1-2
Added Pin To Net: NetName=BL2 Pin=R2-2
Added Pin To Net: NetName=BL3 Pin=R3-2
Added Pin To Net: NetName=BL4 Pin=R4-2
Added Pin To Net: NetName=BL5 Pin=R5-2
Added Pin To Net: NetName=BL6 Pin=R6-2
Added Pin To Net: NetName=BL7 Pin=R7-2
Added Pin To Net: NetName=BL8 Pin=R8-2
Added Pin To Net: NetName=RD1 Pin=R9-2
Added Pin To Net: NetName=RD2 Pin=R10-2
Added Pin To Net: NetName=RD3 Pin=R11-2
Added Pin To Net: NetName=RD4 Pin=R12-2
Added Pin To Net: NetName=RD5 Pin=R13-2
Added Pin To Net: NetName=RD6 Pin=R14-2
Added Pin To Net: NetName=RD7 Pin=R15-2
Added Pin To Net: NetName=RD8 Pin=R16-2
Added Pin To Net: NetName=GR1 Pin=R17-2
Added Pin To Net: NetName=GR2 Pin=R18-2
Added Pin To Net: NetName=GR3 Pin=R19-2
Added Pin To Net: NetName=GR4 Pin=R20-2
Added Pin To Net: NetName=GR5 Pin=R21-2
Added Pin To Net: NetName=GR6 Pin=R22-2
Added Pin To Net: NetName=GR7 Pin=R23-2
Added Pin To Net: NetName=GR8 Pin=R24-2
Added Room: Name=schematic
