Removed Pin From Net: NetName=GR1 Pin=R17-2
Removed Pin From Net: NetName=GR2 Pin=R18-2
Removed Pin From Net: NetName=GR3 Pin=R19-2
Removed Pin From Net: NetName=GR4 Pin=R20-2
Removed Pin From Net: NetName=GR5 Pin=R21-2
Removed Pin From Net: NetName=GR6 Pin=R22-2
Removed Pin From Net: NetName=GR7 Pin=R23-2
Removed Pin From Net: NetName=GR8 Pin=R24-2
Removed Pin From Net: NetName=NetR18_1 Pin=U3-1
Removed Pin From Net: NetName=NetR19_1 Pin=U3-2
Removed Pin From Net: NetName=NetR20_1 Pin=U3-3
Removed Pin From Net: NetName=NetR21_1 Pin=U3-4
Removed Pin From Net: NetName=NetR22_1 Pin=U3-5
Removed Pin From Net: NetName=NetR23_1 Pin=U3-6
Removed Pin From Net: NetName=NetR24_1 Pin=U3-7
Removed Pin From Net: NetName=NetR17_1 Pin=U3-15
Added Pin To Net: NetName=GR8 Pin=R17-2
Added Pin To Net: NetName=GR7 Pin=R18-2
Added Pin To Net: NetName=GR6 Pin=R19-2
Added Pin To Net: NetName=GR5 Pin=R20-2
Added Pin To Net: NetName=GR4 Pin=R21-2
Added Pin To Net: NetName=GR3 Pin=R22-2
Added Pin To Net: NetName=GR2 Pin=R23-2
Added Pin To Net: NetName=GR1 Pin=R24-2
Added Pin To Net: NetName=NetR23_1 Pin=U3-1
Added Pin To Net: NetName=NetR22_1 Pin=U3-2
Added Pin To Net: NetName=NetR21_1 Pin=U3-3
Added Pin To Net: NetName=NetR20_1 Pin=U3-4
Added Pin To Net: NetName=NetR19_1 Pin=U3-5
Added Pin To Net: NetName=NetR18_1 Pin=U3-6
Added Pin To Net: NetName=NetR17_1 Pin=U3-7
Added Pin To Net: NetName=NetR24_1 Pin=U3-15
Added Room: Name=schematic
