Removed Pin From Net: NetName=RD1 Pin=R1-2
Removed Pin From Net: NetName=RD2 Pin=R2-2
Removed Pin From Net: NetName=RD3 Pin=R3-2
Removed Pin From Net: NetName=RD4 Pin=R4-2
Removed Pin From Net: NetName=RD5 Pin=R5-2
Removed Pin From Net: NetName=RD6 Pin=R6-2
Removed Pin From Net: NetName=RD7 Pin=R7-2
Removed Pin From Net: NetName=RD8 Pin=R8-2
Removed Pin From Net: NetName=BL1 Pin=R9-2
Removed Pin From Net: NetName=BL2 Pin=R10-2
Removed Pin From Net: NetName=BL3 Pin=R11-2
Removed Pin From Net: NetName=BL4 Pin=R12-2
Removed Pin From Net: NetName=BL5 Pin=R13-2
Removed Pin From Net: NetName=BL6 Pin=R14-2
Removed Pin From Net: NetName=BL7 Pin=R15-2
Removed Pin From Net: NetName=BL8 Pin=R16-2
Removed Pin From Net: NetName=NetR10_1 Pin=U1-1
Removed Pin From Net: NetName=NetR11_1 Pin=U1-2
Removed Pin From Net: NetName=NetR12_1 Pin=U1-3
Removed Pin From Net: NetName=NetR13_1 Pin=U1-4
Removed Pin From Net: NetName=NetR14_1 Pin=U1-5
Removed Pin From Net: NetName=NetR15_1 Pin=U1-6
Removed Pin From Net: NetName=NetR16_1 Pin=U1-7
Removed Pin From Net: NetName=NetR9_1 Pin=U1-15
Removed Pin From Net: NetName=NetR2_1 Pin=U2-1
Removed Pin From Net: NetName=NetR3_1 Pin=U2-2
Removed Pin From Net: NetName=NetR4_1 Pin=U2-3
Removed Pin From Net: NetName=NetR5_1 Pin=U2-4
Removed Pin From Net: NetName=NetR6_1 Pin=U2-5
Removed Pin From Net: NetName=NetR7_1 Pin=U2-6
Removed Pin From Net: NetName=NetR8_1 Pin=U2-7
Removed Pin From Net: NetName=NetR1_1 Pin=U2-15
Added Pin To Net: NetName=RD8 Pin=R1-2
Added Pin To Net: NetName=RD7 Pin=R2-2
Added Pin To Net: NetName=RD6 Pin=R3-2
Added Pin To Net: NetName=RD5 Pin=R4-2
Added Pin To Net: NetName=RD4 Pin=R5-2
Added Pin To Net: NetName=RD3 Pin=R6-2
Added Pin To Net: NetName=RD2 Pin=R7-2
Added Pin To Net: NetName=RD1 Pin=R8-2
Added Pin To Net: NetName=BL8 Pin=R9-2
Added Pin To Net: NetName=BL7 Pin=R10-2
Added Pin To Net: NetName=BL6 Pin=R11-2
Added Pin To Net: NetName=BL5 Pin=R12-2
Added Pin To Net: NetName=BL4 Pin=R13-2
Added Pin To Net: NetName=BL3 Pin=R14-2
Added Pin To Net: NetName=BL2 Pin=R15-2
Added Pin To Net: NetName=BL1 Pin=R16-2
Added Pin To Net: NetName=NetR15_1 Pin=U1-1
Added Pin To Net: NetName=NetR14_1 Pin=U1-2
Added Pin To Net: NetName=NetR13_1 Pin=U1-3
Added Pin To Net: NetName=NetR12_1 Pin=U1-4
Added Pin To Net: NetName=NetR11_1 Pin=U1-5
Added Pin To Net: NetName=NetR10_1 Pin=U1-6
Added Pin To Net: NetName=NetR9_1 Pin=U1-7
Added Pin To Net: NetName=NetR16_1 Pin=U1-15
Added Pin To Net: NetName=NetR7_1 Pin=U2-1
Added Pin To Net: NetName=NetR6_1 Pin=U2-2
Added Pin To Net: NetName=NetR5_1 Pin=U2-3
Added Pin To Net: NetName=NetR4_1 Pin=U2-4
Added Pin To Net: NetName=NetR3_1 Pin=U2-5
Added Pin To Net: NetName=NetR2_1 Pin=U2-6
Added Pin To Net: NetName=NetR1_1 Pin=U2-7
Added Pin To Net: NetName=NetR8_1 Pin=U2-15
Added Room: Name=schematic
