Removed Pin From Net: NetName=A1 Pin=P2-1
Removed Pin From Net: NetName=A2 Pin=P2-2
Removed Pin From Net: NetName=A3 Pin=P2-3
Removed Pin From Net: NetName=A4 Pin=P2-4
Removed Pin From Net: NetName=A5 Pin=P2-13
Removed Pin From Net: NetName=A6 Pin=P2-14
Removed Pin From Net: NetName=A7 Pin=P2-15
Removed Pin From Net: NetName=A8 Pin=P2-16
Removed Pin From Net: NetName=BL1 Pin=R1-2
Removed Pin From Net: NetName=BL2 Pin=R2-2
Removed Pin From Net: NetName=BL3 Pin=R3-2
Removed Pin From Net: NetName=BL4 Pin=R4-2
Removed Pin From Net: NetName=BL5 Pin=R5-2
Removed Pin From Net: NetName=BL6 Pin=R6-2
Removed Pin From Net: NetName=BL7 Pin=R7-2
Removed Pin From Net: NetName=BL8 Pin=R8-2
Removed Pin From Net: NetName=RD1 Pin=R9-2
Removed Pin From Net: NetName=RD2 Pin=R10-2
Removed Pin From Net: NetName=RD3 Pin=R11-2
Removed Pin From Net: NetName=RD4 Pin=R12-2
Removed Pin From Net: NetName=RD5 Pin=R13-2
Removed Pin From Net: NetName=RD6 Pin=R14-2
Removed Pin From Net: NetName=RD7 Pin=R15-2
Removed Pin From Net: NetName=RD8 Pin=R16-2
Removed Pin From Net: NetName=G2 Pin=U4-1
Removed Pin From Net: NetName=G3 Pin=U4-2
Removed Pin From Net: NetName=G4 Pin=U4-3
Removed Pin From Net: NetName=G5 Pin=U4-4
Removed Pin From Net: NetName=G6 Pin=U4-5
Removed Pin From Net: NetName=G7 Pin=U4-6
Removed Pin From Net: NetName=G8 Pin=U4-7
Removed Pin From Net: NetName=G1 Pin=U4-15
Added Pin To Net: NetName=A8 Pin=P2-1
Added Pin To Net: NetName=A7 Pin=P2-2
Added Pin To Net: NetName=A6 Pin=P2-3
Added Pin To Net: NetName=A5 Pin=P2-4
Added Pin To Net: NetName=A4 Pin=P2-13
Added Pin To Net: NetName=A3 Pin=P2-14
Added Pin To Net: NetName=A2 Pin=P2-15
Added Pin To Net: NetName=A1 Pin=P2-16
Added Pin To Net: NetName=BL8 Pin=R1-2
Added Pin To Net: NetName=BL7 Pin=R2-2
Added Pin To Net: NetName=BL6 Pin=R3-2
Added Pin To Net: NetName=BL5 Pin=R4-2
Added Pin To Net: NetName=BL4 Pin=R5-2
Added Pin To Net: NetName=BL3 Pin=R6-2
Added Pin To Net: NetName=BL2 Pin=R7-2
Added Pin To Net: NetName=BL1 Pin=R8-2
Added Pin To Net: NetName=RD8 Pin=R9-2
Added Pin To Net: NetName=RD7 Pin=R10-2
Added Pin To Net: NetName=RD6 Pin=R11-2
Added Pin To Net: NetName=RD5 Pin=R12-2
Added Pin To Net: NetName=RD4 Pin=R13-2
Added Pin To Net: NetName=RD3 Pin=R14-2
Added Pin To Net: NetName=RD2 Pin=R15-2
Added Pin To Net: NetName=RD1 Pin=R16-2
Added Pin To Net: NetName=G7 Pin=U4-1
Added Pin To Net: NetName=G6 Pin=U4-2
Added Pin To Net: NetName=G5 Pin=U4-3
Added Pin To Net: NetName=G4 Pin=U4-4
Added Pin To Net: NetName=G3 Pin=U4-5
Added Pin To Net: NetName=G2 Pin=U4-6
Added Pin To Net: NetName=G1 Pin=U4-7
Added Pin To Net: NetName=G8 Pin=U4-15
Change Net Name : Old Net Name=GR1 New Net Name=GR8
Change Net Name : Old Net Name=GR2 New Net Name=GR7
Change Net Name : Old Net Name=GR3 New Net Name=GR6
Change Net Name : Old Net Name=GR4 New Net Name=GR5
Change Net Name : Old Net Name=GR5 New Net Name=GR4
Change Net Name : Old Net Name=GR6 New Net Name=GR3
Change Net Name : Old Net Name=GR7 New Net Name=GR2
Change Net Name : Old Net Name=GR8 New Net Name=GR1
Added Member To Class: ClassName=schematic Member=Component Q7 IRLML6402
Added Member To Class: ClassName=schematic Member=Component U3 74HC595
Added Room: Name=schematic
