Added Component: Designator=J1(Mini_USB_B)
Added Component: Designator=Q1(SOT95P237X112-3N)
Added Component: Designator=U1(TI-DBV5_M)
Added Component: Designator=U2(TI-DBV5_M)
Added Component: Designator=U3(USBLC6-2SC6)
Added Component: Designator=U4(TI-DBV5_M)
Added Component: Designator=U5(TI-DBV5_M)
Added Component: Designator=U6(TI-DBV5_M)
Added Component: Designator=U7(TI-DBV5_M)
Added Component: Designator=U8(TI-DBV5_M)
Added Component: Designator=U10(TI-DBV5_M)
Added Pin To Net: NetName=VCC_USB Pin=J1-1
Added Pin To Net: NetName=NetJ1_2 Pin=J1-2
Added Pin To Net: NetName=NetJ1_3 Pin=J1-3
Added Pin To Net: NetName=NetJ1_4 Pin=J1-4
Added Pin To Net: NetName=GND Pin=J1-5
Added Pin To Net: NetName=GND Pin=J1-GND
Added Pin To Net: NetName=GND Pin=J1-GND
Added Pin To Net: NetName=GND Pin=J1-GND
Added Pin To Net: NetName=GND Pin=J1-GND
Added Pin To Net: NetName=VCC_USB Pin=Q1-1
Added Pin To Net: NetName=BAT + Pin=Q1-2
Added Pin To Net: NetName=NetC1_2 Pin=Q1-3
Added Pin To Net: NetName=NetC1_2 Pin=U1-1
Added Pin To Net: NetName=GND Pin=U1-2
Added Pin To Net: NetName=NetC1_2 Pin=U1-3
Added Pin To Net: NetName=NetC2_2 Pin=U1-4
Added Pin To Net: NetName=VDD Pin=U1-5
Added Pin To Net: NetName=NetC1_2 Pin=U2-1
Added Pin To Net: NetName=GND Pin=U2-2
Added Pin To Net: NetName=NetC1_2 Pin=U2-3
Added Pin To Net: NetName=NetC2_2 Pin=U2-4
Added Pin To Net: NetName=VDD Pin=U2-5
Added Pin To Net: NetName=NetJ1_2 Pin=U3-1
Added Pin To Net: NetName=GND Pin=U3-2
Added Pin To Net: NetName=NetJ1_3 Pin=U3-3
Added Pin To Net: NetName=NetR3_1 Pin=U3-4
Added Pin To Net: NetName=VCC_USB Pin=U3-5
Added Pin To Net: NetName=NetR2_1 Pin=U3-6
Added Pin To Net: NetName=NetC1_2 Pin=U4-1
Added Pin To Net: NetName=GND Pin=U4-2
Added Pin To Net: NetName=NetC1_2 Pin=U4-3
Added Pin To Net: NetName=NetC5_2 Pin=U4-4
Added Pin To Net: NetName=VDD Pin=U4-5
Added Pin To Net: NetName=NetC1_2 Pin=U5-1
Added Pin To Net: NetName=GND Pin=U5-2
Added Pin To Net: NetName=NetC1_2 Pin=U5-3
Added Pin To Net: NetName=NetC5_2 Pin=U5-4
Added Pin To Net: NetName=VDD Pin=U5-5
Added Pin To Net: NetName=NetC1_2 Pin=U6-1
Added Pin To Net: NetName=GND Pin=U6-2
Added Pin To Net: NetName=NetC1_2 Pin=U6-3
Added Pin To Net: NetName=NetC8_2 Pin=U6-4
Added Pin To Net: NetName=VDD Pin=U6-5
Added Pin To Net: NetName=NetC1_2 Pin=U7-1
Added Pin To Net: NetName=GND Pin=U7-2
Added Pin To Net: NetName=NetC1_2 Pin=U7-3
Added Pin To Net: NetName=NetC8_2 Pin=U7-4
Added Pin To Net: NetName=VDD Pin=U7-5
Added Pin To Net: NetName=NetC1_2 Pin=U8-1
Added Pin To Net: NetName=GND Pin=U8-2
Added Pin To Net: NetName=NetC1_2 Pin=U8-3
Added Pin To Net: NetName=NetC11_2 Pin=U8-4
Added Pin To Net: NetName=VDD Pin=U8-5
Added Pin To Net: NetName=NetC1_2 Pin=U10-1
Added Pin To Net: NetName=GND Pin=U10-2
Added Pin To Net: NetName=NetC1_2 Pin=U10-3
Added Pin To Net: NetName=NetC17_2 Pin=U10-4
Added Pin To Net: NetName=VDD Pin=U10-5
Added Member To Class: ClassName=Power_board Member=Component J1 Mini usb_B
Added Member To Class: ClassName=Power_board Member=Component Q1 IRLML6402
Added Member To Class: ClassName=Power_board Member=Component U1 LP2985-33DBVR
Added Member To Class: ClassName=Power_board Member=Component U2 LP2985-33DBVR
Added Member To Class: ClassName=Power_board Member=Component U3 USBLC6-2SC6
Added Member To Class: ClassName=Power_board Member=Component U4 LP2985-33DBVR
Added Member To Class: ClassName=Power_board Member=Component U5 LP2985-33DBVR
Added Member To Class: ClassName=Power_board Member=Component U6 LP2985-33DBVR
Added Member To Class: ClassName=Power_board Member=Component U7 LP2985-33DBVR
Added Member To Class: ClassName=Power_board Member=Component U8 LP2985-33DBVR
Added Member To Class: ClassName=Power_board Member=Component U10 LP2985-33DBVR
