Change Component Designator: OldDesignator=C13 NewDesignator=C7
Change Component Designator: OldDesignator=C14 NewDesignator=C8
Change Component Designator: OldDesignator=C? NewDesignator=C1
Change Component Designator: OldDesignator=C? NewDesignator=C2
Change Component Designator: OldDesignator=C? NewDesignator=C3
Change Component Designator: OldDesignator=C? NewDesignator=C4
Change Component Designator: OldDesignator=C? NewDesignator=C5
Change Component Designator: OldDesignator=C? NewDesignator=C6
Change Component Designator: OldDesignator=U2 NewDesignator=U1
Change Component Designator: OldDesignator=U6 NewDesignator=U5
Change Component Designator: OldDesignator=U? NewDesignator=U2
Change Component Designator: OldDesignator=U? NewDesignator=U3
Change Component Designator: OldDesignator=U? NewDesignator=U4
Added Pin To Net: NetName=GND Pin=C1-1
Added Pin To Net: NetName=NetC?_2 Pin=C1-2
Added Pin To Net: NetName=GND Pin=C2-1
Added Pin To Net: NetName=VDD Pin=C2-2
Added Pin To Net: NetName=GND Pin=C3-1
Added Pin To Net: NetName=NetC?_2 Pin=C3-2
Added Pin To Net: NetName=GND Pin=C4-1
Added Pin To Net: NetName=VDD Pin=C4-2
Added Pin To Net: NetName=GND Pin=C6-1
Added Pin To Net: NetName=VDD Pin=C6-2
Added Pin To Net: NetName=GND Pin=U3-1
Added Pin To Net: NetName=VDD Pin=U3-2
Added Pin To Net: NetName=NetC?_2 Pin=U3-3
Added Pin To Net: NetName=GND Pin=U4-1
Added Pin To Net: NetName=VDD Pin=U4-2
Added Pin To Net: NetName=NetC?_2 Pin=U4-3
Change Net Name : Old Net Name=NetC13_2 New Net Name=NetC7_2
Change Net Name : Old Net Name=NetC?_2 New Net Name=NetC1_2
Added Member To Class: ClassName=Power_board Member=Component C1 1uF
Added Member To Class: ClassName=Power_board Member=Component C2 1uF
Added Member To Class: ClassName=Power_board Member=Component C3 1uF
Added Member To Class: ClassName=Power_board Member=Component C4 1uF
Added Member To Class: ClassName=Power_board Member=Component C5 1uF
Added Member To Class: ClassName=Power_board Member=Component U2 MCP1700T-3302E/TT
Added Member To Class: ClassName=Power_board Member=Component U3 MCP1700T-3302E/TT
Added Room: Name=Power_board
