Removed Pin From Net: NetName=NetC1_2 Pin=U1-1
Removed Pin From Net: NetName=GND Pin=U1-2
Removed Pin From Net: NetName=NetC1_2 Pin=U1-3
Removed Pin From Net: NetName=NetC2_2 Pin=U1-4
Removed Pin From Net: NetName=VDD Pin=U1-5
Removed Pin From Net: NetName=NetC1_2 Pin=U5-1
Removed Pin From Net: NetName=GND Pin=U5-2
Removed Pin From Net: NetName=NetC1_2 Pin=U5-3
Removed Pin From Net: NetName=NetC5_2 Pin=U5-4
Removed Pin From Net: NetName=VDD Pin=U5-5
Removed Pin From Net: NetName=NetC1_2 Pin=U7-1
Removed Pin From Net: NetName=GND Pin=U7-2
Removed Pin From Net: NetName=NetC1_2 Pin=U7-3
Removed Pin From Net: NetName=NetC8_2 Pin=U7-4
Removed Pin From Net: NetName=VDD Pin=U7-5
Removed Member From Class: ClassName=Power_board Member=U8
Removed Member From Class: ClassName=Power_board Member=U9
Removed Member From Class: ClassName=Power_board Member=U10
Change Component Footprint: Designator=U4 Old Footprint=TI-DBV5_M New Footprint=TI-DBV5_N
Change Component Footprint: Designator=U8 Old Footprint=TI-DBV5_M New Footprint=TI-DBV5_N
Change Component Footprint: Designator=U10 Old Footprint=TI-DBV5_M New Footprint=TI-DBV5_N
Change Component Designator: OldDesignator=U2 NewDesignator=U1
Change Component Designator: OldDesignator=U3 NewDesignator=U2
Change Component Designator: OldDesignator=U4 NewDesignator=U3
Change Component Designator: OldDesignator=U6 NewDesignator=U4
Change Component Designator: OldDesignator=U8 NewDesignator=U5
Change Component Designator: OldDesignator=U9 NewDesignator=U6
Change Component Designator: OldDesignator=U10 NewDesignator=U7
Added Room: Name=Power_board
