Removed Pin From Net: NetName=GND Pin=C1-1
Removed Pin From Net: NetName=GND Pin=C2-1
Removed Pin From Net: NetName=GND Pin=C3-1
Removed Pin From Net: NetName=VDD Pin=C3-2
Removed Pin From Net: NetName=GND Pin=C4-1
Removed Pin From Net: NetName=GND Pin=C5-1
Removed Pin From Net: NetName=GND Pin=C6-1
Removed Pin From Net: NetName=VDD Pin=C6-2
Removed Pin From Net: NetName=GND Pin=C7-1
Removed Pin From Net: NetName=GND Pin=C8-1
Removed Pin From Net: NetName=GND Pin=C9-1
Removed Pin From Net: NetName=VDD Pin=C9-2
Removed Pin From Net: NetName=GND Pin=C10-1
Removed Pin From Net: NetName=GND Pin=C11-1
Removed Pin From Net: NetName=GND Pin=C12-1
Removed Pin From Net: NetName=VDD Pin=C12-2
Removed Pin From Net: NetName=GND Pin=C15-1
Removed Pin From Net: NetName=GND Pin=C16-1
Removed Pin From Net: NetName=GND Pin=C17-1
Removed Pin From Net: NetName=GND Pin=C18-1
Removed Pin From Net: NetName=VDD Pin=C18-2
Removed Pin From Net: NetName=GND Pin=C19-1
Removed Pin From Net: NetName=VDD Pin=C19-2
Removed Pin From Net: NetName=GND Pin=U1-2
Removed Pin From Net: NetName=VDD Pin=U1-5
Removed Pin From Net: NetName=GND Pin=U3-2
Removed Pin From Net: NetName=VDD Pin=U3-5
Removed Pin From Net: NetName=GND Pin=U4-2
Removed Pin From Net: NetName=VDD Pin=U4-5
Removed Pin From Net: NetName=GND Pin=U5-2
Removed Pin From Net: NetName=VDD Pin=U5-5
Removed Pin From Net: NetName=GND Pin=U7-2
Removed Pin From Net: NetName=VDD Pin=U7-5
Removed Member From Class: ClassName=Power_board Member=C1
Removed Member From Class: ClassName=Power_board Member=C2
Removed Member From Class: ClassName=Power_board Member=C3
Removed Member From Class: ClassName=Power_board Member=C4
Removed Member From Class: ClassName=Power_board Member=C5
Removed Member From Class: ClassName=Power_board Member=C6
Removed Member From Class: ClassName=Power_board Member=C7
Removed Member From Class: ClassName=Power_board Member=C8
Removed Member From Class: ClassName=Power_board Member=C9
Removed Member From Class: ClassName=Power_board Member=C10
Removed Member From Class: ClassName=Power_board Member=C11
Removed Member From Class: ClassName=Power_board Member=C12
Removed Member From Class: ClassName=Power_board Member=C15
Removed Member From Class: ClassName=Power_board Member=C16
Removed Member From Class: ClassName=Power_board Member=C17
Removed Member From Class: ClassName=Power_board Member=C18
Removed Member From Class: ClassName=Power_board Member=C19
Removed Member From Class: ClassName=Power_board Member=U1
Removed Member From Class: ClassName=Power_board Member=U3
Removed Member From Class: ClassName=Power_board Member=U4
Removed Member From Class: ClassName=Power_board Member=U5
Removed Member From Class: ClassName=Power_board Member=U7
Added Component: Designator=C?(C0805)
Added Component: Designator=C?(C0805)
Added Component: Designator=C?(C0805)
Added Component: Designator=C?(C0805)
Added Component: Designator=C?(C0805)
Added Component: Designator=C?(C0805)
Added Component: Designator=U?(SOT-23-TT3_N)
Added Component: Designator=U?(SOT-23-TT3_N)
Added Component: Designator=U?(SOT-23-TT3_N)
Added Pin To Net: NetName=GND Pin=C?-1
Added Pin To Net: NetName=GND Pin=C?-1
Added Pin To Net: NetName=GND Pin=C?-1
Added Pin To Net: NetName=GND Pin=C?-1
Added Pin To Net: NetName=GND Pin=C?-1
Added Pin To Net: NetName=GND Pin=C?-1
Added Pin To Net: NetName=VDD Pin=C?-2
Added Pin To Net: NetName=VDD Pin=C?-2
Added Pin To Net: NetName=VDD Pin=C?-2
Added Pin To Net: NetName=GND Pin=U?-1
Added Pin To Net: NetName=GND Pin=U?-1
Added Pin To Net: NetName=GND Pin=U?-1
Added Pin To Net: NetName=VDD Pin=U?-2
Added Pin To Net: NetName=VDD Pin=U?-2
Added Pin To Net: NetName=VDD Pin=U?-2
Added Pin To Net: NetName=NetC?_2 Pin=C?-2
Added Pin To Net: NetName=NetC?_2 Pin=C?-2
Added Pin To Net: NetName=NetC?_2 Pin=C?-2
Added Pin To Net: NetName=NetC?_2 Pin=D1-2
Added Pin To Net: NetName=NetC?_2 Pin=Q1-3
Added Pin To Net: NetName=NetC?_2 Pin=U?-3
Added Pin To Net: NetName=NetC?_2 Pin=U?-3
Added Pin To Net: NetName=NetC?_2 Pin=U?-3
Added Net: Name=NetC?_2
Added Member To Class: ClassName=Power_board Member=Component C? 1uF
Added Member To Class: ClassName=Power_board Member=Component U? MCP1700T-3302E/TT
Added Room: Name=Power_board
