Added Component: Designator=C1(6-0805_M)
Added Component: Designator=C1(6-0805_M)
Added Component: Designator=C2(6-0805_M)
Added Component: Designator=C2(6-0805_M)
Added Component: Designator=C3(6-0805_M)
Added Component: Designator=C4(6-0805_M)
Added Component: Designator=C4(6-0805_M)
Added Component: Designator=C5(6-0805_M)
Added Component: Designator=C5(6-0805_M)
Added Component: Designator=D1(PLCC-4 3528)
Added Component: Designator=D2(PLCC-4 3528)
Added Component: Designator=D3(PLCC-4 3528)
Added Component: Designator=D4(PLCC-4 3528)
Added Component: Designator=D5(PLCC-4 3528)
Added Component: Designator=D6(PLCC-4 3528)
Added Component: Designator=D7(PLCC-4 3528)
Added Component: Designator=D8(PLCC-4 3528)
Added Component: Designator=D9(PLCC-4 3528)
Added Component: Designator=D10(PLCC-4 3528)
Added Component: Designator=D11(PLCC-4 3528)
Added Component: Designator=D12(PLCC-4 3528)
Added Component: Designator=D13(PLCC-4 3528)
Added Component: Designator=D14(PLCC-4 3528)
Added Component: Designator=D15(PLCC-4 3528)
Added Component: Designator=D16(PLCC-4 3528)
Added Component: Designator=D17(PLCC-4 3528)
Added Component: Designator=D18(PLCC-4 3528)
Added Component: Designator=D19(PLCC-4 3528)
Added Component: Designator=D20(PLCC-4 3528)
Added Component: Designator=D21(PLCC-4 3528)
Added Component: Designator=D22(PLCC-4 3528)
Added Component: Designator=D23(PLCC-4 3528)
Added Component: Designator=D24(PLCC-4 3528)
Added Component: Designator=D25(PLCC-4 3528)
Added Component: Designator=D26(PLCC-4 3528)
Added Component: Designator=D27(PLCC-4 3528)
Added Component: Designator=D28(PLCC-4 3528)
Added Component: Designator=D29(PLCC-4 3528)
Added Component: Designator=D30(PLCC-4 3528)
Added Component: Designator=D31(PLCC-4 3528)
Added Component: Designator=D32(PLCC-4 3528)
Added Component: Designator=D33(PLCC-4 3528)
Added Component: Designator=D34(PLCC-4 3528)
Added Component: Designator=D35(PLCC-4 3528)
Added Component: Designator=D36(PLCC-4 3528)
Added Component: Designator=D37(PLCC-4 3528)
Added Component: Designator=D38(PLCC-4 3528)
Added Component: Designator=D39(PLCC-4 3528)
Added Component: Designator=D40(PLCC-4 3528)
Added Component: Designator=D41(PLCC-4 3528)
Added Component: Designator=D42(PLCC-4 3528)
Added Component: Designator=D43(PLCC-4 3528)
Added Component: Designator=D44(PLCC-4 3528)
Added Component: Designator=D45(PLCC-4 3528)
Added Component: Designator=D46(PLCC-4 3528)
Added Component: Designator=D47(PLCC-4 3528)
Added Component: Designator=D48(PLCC-4 3528)
Added Component: Designator=D49(PLCC-4 3528)
Added Component: Designator=D50(PLCC-4 3528)
Added Component: Designator=D51(PLCC-4 3528)
Added Component: Designator=D52(PLCC-4 3528)
Added Component: Designator=D53(PLCC-4 3528)
Added Component: Designator=D54(PLCC-4 3528)
Added Component: Designator=D55(PLCC-4 3528)
Added Component: Designator=D56(PLCC-4 3528)
Added Component: Designator=D57(PLCC-4 3528)
Added Component: Designator=D58(PLCC-4 3528)
Added Component: Designator=D59(PLCC-4 3528)
Added Component: Designator=D60(PLCC-4 3528)
Added Component: Designator=D61(PLCC-4 3528)
Added Component: Designator=D62(PLCC-4 3528)
Added Component: Designator=D63(PLCC-4 3528)
Added Component: Designator=D64(PLCC-4 3528)
Added Component: Designator=P1(HDR1X16)
Added Component: Designator=P2(HDR1X16)
Added Component: Designator=P5(HDR1X7)
Added Component: Designator=Q1(SOT95P237X112-3N)
Added Component: Designator=Q1(SOT95P237X112-3N)
Added Component: Designator=Q2(SOT95P237X112-3N)
Added Component: Designator=Q2(SOT95P237X112-3N)
Added Component: Designator=Q3(SOT95P237X112-3N)
Added Component: Designator=Q3(SOT95P237X112-3N)
Added Component: Designator=Q4(SOT95P237X112-3N)
Added Component: Designator=Q4(SOT95P237X112-3N)
Added Component: Designator=Q5(SOT95P237X112-3N)
Added Component: Designator=Q5(SOT95P237X112-3N)
Added Component: Designator=Q6(SOT95P237X112-3N)
Added Component: Designator=Q6(SOT95P237X112-3N)
Added Component: Designator=Q7(SOT95P237X112-3N)
Added Component: Designator=Q7(SOT95P237X112-3N)
Added Component: Designator=Q8(SOT95P237X112-3N)
Added Component: Designator=Q8(SOT95P237X112-3N)
Added Component: Designator=R1(6-0805_M)
Added Component: Designator=R1(6-0805_M)
Added Component: Designator=R2(6-0805_M)
Added Component: Designator=R2(6-0805_M)
Added Component: Designator=R3(6-0805_M)
Added Component: Designator=R3(6-0805_M)
Added Component: Designator=R4(6-0805_M)
Added Component: Designator=R4(6-0805_M)
Added Component: Designator=R5(6-0805_M)
Added Component: Designator=R5(6-0805_M)
Added Component: Designator=R6(6-0805_M)
Added Component: Designator=R6(6-0805_M)
Added Component: Designator=R7(6-0805_M)
Added Component: Designator=R7(6-0805_M)
Added Component: Designator=R8(6-0805_M)
Added Component: Designator=R8(6-0805_M)
Added Component: Designator=R9(6-0805_M)
Added Component: Designator=R9(6-0805_M)
Added Component: Designator=R10(6-0805_M)
Added Component: Designator=R10(6-0805_M)
Added Component: Designator=R11(6-0805_M)
Added Component: Designator=R11(6-0805_M)
Added Component: Designator=R12(6-0805_M)
Added Component: Designator=R12(6-0805_M)
Added Component: Designator=R13(6-0805_M)
Added Component: Designator=R13(6-0805_M)
Added Component: Designator=R14(6-0805_M)
Added Component: Designator=R14(6-0805_M)
Added Component: Designator=R15(6-0805_M)
Added Component: Designator=R15(6-0805_M)
Added Component: Designator=R16(6-0805_M)
Added Component: Designator=R16(6-0805_M)
Added Component: Designator=R17(6-0805_M)
Added Component: Designator=R17(6-0805_M)
Added Component: Designator=R18(6-0805_M)
Added Component: Designator=R18(6-0805_M)
Added Component: Designator=R19(6-0805_M)
Added Component: Designator=R19(6-0805_M)
Added Component: Designator=R20(6-0805_M)
Added Component: Designator=R20(6-0805_M)
Added Component: Designator=R21(6-0805_M)
Added Component: Designator=R21(6-0805_M)
Added Component: Designator=R22(6-0805_M)
Added Component: Designator=R22(6-0805_M)
Added Component: Designator=R23(6-0805_M)
Added Component: Designator=R23(6-0805_M)
Added Component: Designator=R24(6-0805_M)
Added Component: Designator=R24(6-0805_M)
Added Component: Designator=R25(6-0805_M)
Added Component: Designator=U1(TSOP65P640X110-16M)
Added Component: Designator=U1(TSOP65P640X110-16M)
Added Component: Designator=U2(TSOP65P640X110-16M)
Added Component: Designator=U2(TSOP65P640X110-16M)
Added Component: Designator=U3(TSOP65P640X110-16M)
Added Component: Designator=U3(TSOP65P640X110-16M)
Added Component: Designator=U4(TSOP65P640X110-16M)
Added Component: Designator=U4(TSOP65P640X110-16M)
Added Pin To Net: NetName=GND Pin=C1-1
Added Pin To Net: NetName=GND Pin=C1-1
Added Pin To Net: NetName=VCC Pin=C1-2
Added Pin To Net: NetName=VCC Pin=C1-2
Added Pin To Net: NetName=GND Pin=C2-1
Added Pin To Net: NetName=GND Pin=C2-1
Added Pin To Net: NetName=VCC Pin=C2-2
Added Pin To Net: NetName=VCC Pin=C2-2
Added Pin To Net: NetName=GND Pin=C3-1
Added Pin To Net: NetName=VCC Pin=C3-2
Added Pin To Net: NetName=GND Pin=C4-1
Added Pin To Net: NetName=GND Pin=C4-1
Added Pin To Net: NetName=VCC Pin=C4-2
Added Pin To Net: NetName=VCC Pin=C4-2
Added Pin To Net: NetName=GND Pin=C5-1
Added Pin To Net: NetName=GND Pin=C5-1
Added Pin To Net: NetName=VCC Pin=C5-2
Added Pin To Net: NetName=VCC Pin=C5-2
Added Pin To Net: NetName=A1 Pin=D1-1
Added Pin To Net: NetName=RD1 Pin=D1-2
Added Pin To Net: NetName=BL1 Pin=D1-3
Added Pin To Net: NetName=GR1 Pin=D1-4
Added Pin To Net: NetName=A1 Pin=D2-1
Added Pin To Net: NetName=RD2 Pin=D2-2
Added Pin To Net: NetName=BL2 Pin=D2-3
Added Pin To Net: NetName=GR2 Pin=D2-4
Added Pin To Net: NetName=A1 Pin=D3-1
Added Pin To Net: NetName=RD3 Pin=D3-2
Added Pin To Net: NetName=BL3 Pin=D3-3
Added Pin To Net: NetName=GR3 Pin=D3-4
Added Pin To Net: NetName=A1 Pin=D4-1
Added Pin To Net: NetName=RD4 Pin=D4-2
Added Pin To Net: NetName=BL4 Pin=D4-3
Added Pin To Net: NetName=GR4 Pin=D4-4
Added Pin To Net: NetName=A1 Pin=D5-1
Added Pin To Net: NetName=RD5 Pin=D5-2
Added Pin To Net: NetName=BL5 Pin=D5-3
Added Pin To Net: NetName=GR5 Pin=D5-4
Added Pin To Net: NetName=A1 Pin=D6-1
Added Pin To Net: NetName=RD6 Pin=D6-2
Added Pin To Net: NetName=BL6 Pin=D6-3
Added Pin To Net: NetName=GR6 Pin=D6-4
Added Pin To Net: NetName=A1 Pin=D7-1
Added Pin To Net: NetName=RD7 Pin=D7-2
Added Pin To Net: NetName=BL7 Pin=D7-3
Added Pin To Net: NetName=GR7 Pin=D7-4
Added Pin To Net: NetName=A1 Pin=D8-1
Added Pin To Net: NetName=RD8 Pin=D8-2
Added Pin To Net: NetName=BL8 Pin=D8-3
Added Pin To Net: NetName=GR8 Pin=D8-4
Added Pin To Net: NetName=A2 Pin=D9-1
Added Pin To Net: NetName=RD1 Pin=D9-2
Added Pin To Net: NetName=BL1 Pin=D9-3
Added Pin To Net: NetName=GR1 Pin=D9-4
Added Pin To Net: NetName=A2 Pin=D10-1
Added Pin To Net: NetName=RD2 Pin=D10-2
Added Pin To Net: NetName=BL2 Pin=D10-3
Added Pin To Net: NetName=GR2 Pin=D10-4
Added Pin To Net: NetName=A2 Pin=D11-1
Added Pin To Net: NetName=RD3 Pin=D11-2
Added Pin To Net: NetName=BL3 Pin=D11-3
Added Pin To Net: NetName=GR3 Pin=D11-4
Added Pin To Net: NetName=A2 Pin=D12-1
Added Pin To Net: NetName=RD4 Pin=D12-2
Added Pin To Net: NetName=BL4 Pin=D12-3
Added Pin To Net: NetName=GR4 Pin=D12-4
Added Pin To Net: NetName=A2 Pin=D13-1
Added Pin To Net: NetName=RD5 Pin=D13-2
Added Pin To Net: NetName=BL5 Pin=D13-3
Added Pin To Net: NetName=GR5 Pin=D13-4
Added Pin To Net: NetName=A2 Pin=D14-1
Added Pin To Net: NetName=RD6 Pin=D14-2
Added Pin To Net: NetName=BL6 Pin=D14-3
Added Pin To Net: NetName=GR6 Pin=D14-4
Added Pin To Net: NetName=A2 Pin=D15-1
Added Pin To Net: NetName=RD7 Pin=D15-2
Added Pin To Net: NetName=BL7 Pin=D15-3
Added Pin To Net: NetName=GR7 Pin=D15-4
Added Pin To Net: NetName=A2 Pin=D16-1
Added Pin To Net: NetName=RD8 Pin=D16-2
Added Pin To Net: NetName=BL8 Pin=D16-3
Added Pin To Net: NetName=GR8 Pin=D16-4
Added Pin To Net: NetName=A3 Pin=D17-1
Added Pin To Net: NetName=RD1 Pin=D17-2
Added Pin To Net: NetName=BL1 Pin=D17-3
Added Pin To Net: NetName=GR1 Pin=D17-4
Added Pin To Net: NetName=A3 Pin=D18-1
Added Pin To Net: NetName=RD2 Pin=D18-2
Added Pin To Net: NetName=BL2 Pin=D18-3
Added Pin To Net: NetName=GR2 Pin=D18-4
Added Pin To Net: NetName=A3 Pin=D19-1
Added Pin To Net: NetName=RD3 Pin=D19-2
Added Pin To Net: NetName=BL3 Pin=D19-3
Added Pin To Net: NetName=GR3 Pin=D19-4
Added Pin To Net: NetName=A3 Pin=D20-1
Added Pin To Net: NetName=RD4 Pin=D20-2
Added Pin To Net: NetName=BL4 Pin=D20-3
Added Pin To Net: NetName=GR4 Pin=D20-4
Added Pin To Net: NetName=A3 Pin=D21-1
Added Pin To Net: NetName=RD5 Pin=D21-2
Added Pin To Net: NetName=BL5 Pin=D21-3
Added Pin To Net: NetName=GR5 Pin=D21-4
Added Pin To Net: NetName=A3 Pin=D22-1
Added Pin To Net: NetName=RD6 Pin=D22-2
Added Pin To Net: NetName=BL6 Pin=D22-3
Added Pin To Net: NetName=GR6 Pin=D22-4
Added Pin To Net: NetName=A3 Pin=D23-1
Added Pin To Net: NetName=RD7 Pin=D23-2
Added Pin To Net: NetName=BL7 Pin=D23-3
Added Pin To Net: NetName=GR7 Pin=D23-4
Added Pin To Net: NetName=A3 Pin=D24-1
Added Pin To Net: NetName=RD8 Pin=D24-2
Added Pin To Net: NetName=BL8 Pin=D24-3
Added Pin To Net: NetName=GR8 Pin=D24-4
Added Pin To Net: NetName=A4 Pin=D25-1
Added Pin To Net: NetName=RD1 Pin=D25-2
Added Pin To Net: NetName=BL1 Pin=D25-3
Added Pin To Net: NetName=GR1 Pin=D25-4
Added Pin To Net: NetName=A4 Pin=D26-1
Added Pin To Net: NetName=RD2 Pin=D26-2
Added Pin To Net: NetName=BL2 Pin=D26-3
Added Pin To Net: NetName=GR2 Pin=D26-4
Added Pin To Net: NetName=A4 Pin=D27-1
Added Pin To Net: NetName=RD3 Pin=D27-2
Added Pin To Net: NetName=BL3 Pin=D27-3
Added Pin To Net: NetName=GR3 Pin=D27-4
Added Pin To Net: NetName=A4 Pin=D28-1
Added Pin To Net: NetName=RD4 Pin=D28-2
Added Pin To Net: NetName=BL4 Pin=D28-3
Added Pin To Net: NetName=GR4 Pin=D28-4
Added Pin To Net: NetName=A4 Pin=D29-1
Added Pin To Net: NetName=RD5 Pin=D29-2
Added Pin To Net: NetName=BL5 Pin=D29-3
Added Pin To Net: NetName=GR5 Pin=D29-4
Added Pin To Net: NetName=A4 Pin=D30-1
Added Pin To Net: NetName=RD6 Pin=D30-2
Added Pin To Net: NetName=BL6 Pin=D30-3
Added Pin To Net: NetName=GR6 Pin=D30-4
Added Pin To Net: NetName=A4 Pin=D31-1
Added Pin To Net: NetName=RD7 Pin=D31-2
Added Pin To Net: NetName=BL7 Pin=D31-3
Added Pin To Net: NetName=GR7 Pin=D31-4
Added Pin To Net: NetName=A4 Pin=D32-1
Added Pin To Net: NetName=RD8 Pin=D32-2
Added Pin To Net: NetName=BL8 Pin=D32-3
Added Pin To Net: NetName=GR8 Pin=D32-4
Added Pin To Net: NetName=A5 Pin=D33-1
Added Pin To Net: NetName=RD1 Pin=D33-2
Added Pin To Net: NetName=BL1 Pin=D33-3
Added Pin To Net: NetName=GR1 Pin=D33-4
Added Pin To Net: NetName=A5 Pin=D34-1
Added Pin To Net: NetName=RD2 Pin=D34-2
Added Pin To Net: NetName=BL2 Pin=D34-3
Added Pin To Net: NetName=GR2 Pin=D34-4
Added Pin To Net: NetName=A5 Pin=D35-1
Added Pin To Net: NetName=RD3 Pin=D35-2
Added Pin To Net: NetName=BL3 Pin=D35-3
Added Pin To Net: NetName=GR3 Pin=D35-4
Added Pin To Net: NetName=A5 Pin=D36-1
Added Pin To Net: NetName=RD4 Pin=D36-2
Added Pin To Net: NetName=BL4 Pin=D36-3
Added Pin To Net: NetName=GR4 Pin=D36-4
Added Pin To Net: NetName=A5 Pin=D37-1
Added Pin To Net: NetName=RD5 Pin=D37-2
Added Pin To Net: NetName=BL5 Pin=D37-3
Added Pin To Net: NetName=GR5 Pin=D37-4
Added Pin To Net: NetName=A5 Pin=D38-1
Added Pin To Net: NetName=RD6 Pin=D38-2
Added Pin To Net: NetName=BL6 Pin=D38-3
Added Pin To Net: NetName=GR6 Pin=D38-4
Added Pin To Net: NetName=A5 Pin=D39-1
Added Pin To Net: NetName=RD7 Pin=D39-2
Added Pin To Net: NetName=BL7 Pin=D39-3
Added Pin To Net: NetName=GR7 Pin=D39-4
Added Pin To Net: NetName=A5 Pin=D40-1
Added Pin To Net: NetName=RD8 Pin=D40-2
Added Pin To Net: NetName=BL8 Pin=D40-3
Added Pin To Net: NetName=GR8 Pin=D40-4
Added Pin To Net: NetName=A6 Pin=D41-1
Added Pin To Net: NetName=RD1 Pin=D41-2
Added Pin To Net: NetName=BL1 Pin=D41-3
Added Pin To Net: NetName=GR1 Pin=D41-4
Added Pin To Net: NetName=A6 Pin=D42-1
Added Pin To Net: NetName=RD2 Pin=D42-2
Added Pin To Net: NetName=BL2 Pin=D42-3
Added Pin To Net: NetName=GR2 Pin=D42-4
Added Pin To Net: NetName=A6 Pin=D43-1
Added Pin To Net: NetName=RD3 Pin=D43-2
Added Pin To Net: NetName=BL3 Pin=D43-3
Added Pin To Net: NetName=GR3 Pin=D43-4
Added Pin To Net: NetName=A6 Pin=D44-1
Added Pin To Net: NetName=RD4 Pin=D44-2
Added Pin To Net: NetName=BL4 Pin=D44-3
Added Pin To Net: NetName=GR4 Pin=D44-4
Added Pin To Net: NetName=A6 Pin=D45-1
Added Pin To Net: NetName=RD5 Pin=D45-2
Added Pin To Net: NetName=BL5 Pin=D45-3
Added Pin To Net: NetName=GR5 Pin=D45-4
Added Pin To Net: NetName=A6 Pin=D46-1
Added Pin To Net: NetName=RD6 Pin=D46-2
Added Pin To Net: NetName=BL6 Pin=D46-3
Added Pin To Net: NetName=GR6 Pin=D46-4
Added Pin To Net: NetName=A6 Pin=D47-1
Added Pin To Net: NetName=RD7 Pin=D47-2
Added Pin To Net: NetName=BL7 Pin=D47-3
Added Pin To Net: NetName=GR7 Pin=D47-4
Added Pin To Net: NetName=A6 Pin=D48-1
Added Pin To Net: NetName=RD8 Pin=D48-2
Added Pin To Net: NetName=BL8 Pin=D48-3
Added Pin To Net: NetName=GR8 Pin=D48-4
Added Pin To Net: NetName=A7 Pin=D49-1
Added Pin To Net: NetName=RD1 Pin=D49-2
Added Pin To Net: NetName=BL1 Pin=D49-3
Added Pin To Net: NetName=GR1 Pin=D49-4
Added Pin To Net: NetName=A7 Pin=D50-1
Added Pin To Net: NetName=RD2 Pin=D50-2
Added Pin To Net: NetName=BL2 Pin=D50-3
Added Pin To Net: NetName=GR2 Pin=D50-4
Added Pin To Net: NetName=A7 Pin=D51-1
Added Pin To Net: NetName=RD3 Pin=D51-2
Added Pin To Net: NetName=BL3 Pin=D51-3
Added Pin To Net: NetName=GR3 Pin=D51-4
Added Pin To Net: NetName=A7 Pin=D52-1
Added Pin To Net: NetName=RD4 Pin=D52-2
Added Pin To Net: NetName=BL4 Pin=D52-3
Added Pin To Net: NetName=GR4 Pin=D52-4
Added Pin To Net: NetName=A7 Pin=D53-1
Added Pin To Net: NetName=RD5 Pin=D53-2
Added Pin To Net: NetName=BL5 Pin=D53-3
Added Pin To Net: NetName=GR5 Pin=D53-4
Added Pin To Net: NetName=A7 Pin=D54-1
Added Pin To Net: NetName=RD6 Pin=D54-2
Added Pin To Net: NetName=BL6 Pin=D54-3
Added Pin To Net: NetName=GR6 Pin=D54-4
Added Pin To Net: NetName=A7 Pin=D55-1
Added Pin To Net: NetName=RD7 Pin=D55-2
Added Pin To Net: NetName=BL7 Pin=D55-3
Added Pin To Net: NetName=GR7 Pin=D55-4
Added Pin To Net: NetName=A7 Pin=D56-1
Added Pin To Net: NetName=RD8 Pin=D56-2
Added Pin To Net: NetName=BL8 Pin=D56-3
Added Pin To Net: NetName=GR8 Pin=D56-4
Added Pin To Net: NetName=A8 Pin=D57-1
Added Pin To Net: NetName=RD1 Pin=D57-2
Added Pin To Net: NetName=BL1 Pin=D57-3
Added Pin To Net: NetName=GR1 Pin=D57-4
Added Pin To Net: NetName=A8 Pin=D58-1
Added Pin To Net: NetName=RD2 Pin=D58-2
Added Pin To Net: NetName=BL2 Pin=D58-3
Added Pin To Net: NetName=GR2 Pin=D58-4
Added Pin To Net: NetName=A8 Pin=D59-1
Added Pin To Net: NetName=RD3 Pin=D59-2
Added Pin To Net: NetName=BL3 Pin=D59-3
Added Pin To Net: NetName=GR3 Pin=D59-4
Added Pin To Net: NetName=A8 Pin=D60-1
Added Pin To Net: NetName=RD4 Pin=D60-2
Added Pin To Net: NetName=BL4 Pin=D60-3
Added Pin To Net: NetName=GR4 Pin=D60-4
Added Pin To Net: NetName=A8 Pin=D61-1
Added Pin To Net: NetName=RD5 Pin=D61-2
Added Pin To Net: NetName=BL5 Pin=D61-3
Added Pin To Net: NetName=GR5 Pin=D61-4
Added Pin To Net: NetName=A8 Pin=D62-1
Added Pin To Net: NetName=RD6 Pin=D62-2
Added Pin To Net: NetName=BL6 Pin=D62-3
Added Pin To Net: NetName=GR6 Pin=D62-4
Added Pin To Net: NetName=A8 Pin=D63-1
Added Pin To Net: NetName=RD7 Pin=D63-2
Added Pin To Net: NetName=BL7 Pin=D63-3
Added Pin To Net: NetName=GR7 Pin=D63-4
Added Pin To Net: NetName=A8 Pin=D64-1
Added Pin To Net: NetName=RD8 Pin=D64-2
Added Pin To Net: NetName=BL8 Pin=D64-3
Added Pin To Net: NetName=GR8 Pin=D64-4
Added Pin To Net: NetName=BL8 Pin=P1-1
Added Pin To Net: NetName=BL7 Pin=P1-2
Added Pin To Net: NetName=BL6 Pin=P1-3
Added Pin To Net: NetName=BL5 Pin=P1-4
Added Pin To Net: NetName=BL4 Pin=P1-5
Added Pin To Net: NetName=BL3 Pin=P1-6
Added Pin To Net: NetName=BL2 Pin=P1-7
Added Pin To Net: NetName=BL1 Pin=P1-8
Added Pin To Net: NetName=RD8 Pin=P1-9
Added Pin To Net: NetName=RD7 Pin=P1-10
Added Pin To Net: NetName=RD6 Pin=P1-11
Added Pin To Net: NetName=RD5 Pin=P1-12
Added Pin To Net: NetName=RD4 Pin=P1-13
Added Pin To Net: NetName=RD3 Pin=P1-14
Added Pin To Net: NetName=RD2 Pin=P1-15
Added Pin To Net: NetName=RD1 Pin=P1-16
Added Pin To Net: NetName=A1 Pin=P2-1
Added Pin To Net: NetName=A2 Pin=P2-2
Added Pin To Net: NetName=A3 Pin=P2-3
Added Pin To Net: NetName=A4 Pin=P2-4
Added Pin To Net: NetName=GR8 Pin=P2-5
Added Pin To Net: NetName=GR7 Pin=P2-6
Added Pin To Net: NetName=GR6 Pin=P2-7
Added Pin To Net: NetName=GR5 Pin=P2-8
Added Pin To Net: NetName=GR4 Pin=P2-9
Added Pin To Net: NetName=GR3 Pin=P2-10
Added Pin To Net: NetName=GR2 Pin=P2-11
Added Pin To Net: NetName=GR1 Pin=P2-12
Added Pin To Net: NetName=A5 Pin=P2-13
Added Pin To Net: NetName=A6 Pin=P2-14
Added Pin To Net: NetName=A7 Pin=P2-15
Added Pin To Net: NetName=A8 Pin=P2-16
Added Pin To Net: NetName=VCC Pin=P5-1
Added Pin To Net: NetName=SS Pin=P5-3
Added Pin To Net: NetName=LT Pin=P5-4
Added Pin To Net: NetName=GND Pin=P5-7
Added Pin To Net: NetName=G8 Pin=Q1-1
Added Pin To Net: NetName=G8 Pin=Q1-1
Added Pin To Net: NetName=A1 Pin=Q1-2
Added Pin To Net: NetName=A1 Pin=Q1-2
Added Pin To Net: NetName=VCC Pin=Q1-3
Added Pin To Net: NetName=VCC Pin=Q1-3
Added Pin To Net: NetName=G7 Pin=Q2-1
Added Pin To Net: NetName=G7 Pin=Q2-1
Added Pin To Net: NetName=A2 Pin=Q2-2
Added Pin To Net: NetName=A2 Pin=Q2-2
Added Pin To Net: NetName=VCC Pin=Q2-3
Added Pin To Net: NetName=VCC Pin=Q2-3
Added Pin To Net: NetName=G6 Pin=Q3-1
Added Pin To Net: NetName=G6 Pin=Q3-1
Added Pin To Net: NetName=A3 Pin=Q3-2
Added Pin To Net: NetName=A3 Pin=Q3-2
Added Pin To Net: NetName=VCC Pin=Q3-3
Added Pin To Net: NetName=VCC Pin=Q3-3
Added Pin To Net: NetName=G5 Pin=Q4-1
Added Pin To Net: NetName=G5 Pin=Q4-1
Added Pin To Net: NetName=A4 Pin=Q4-2
Added Pin To Net: NetName=A4 Pin=Q4-2
Added Pin To Net: NetName=VCC Pin=Q4-3
Added Pin To Net: NetName=VCC Pin=Q4-3
Added Pin To Net: NetName=G4 Pin=Q5-1
Added Pin To Net: NetName=G4 Pin=Q5-1
Added Pin To Net: NetName=A5 Pin=Q5-2
Added Pin To Net: NetName=A5 Pin=Q5-2
Added Pin To Net: NetName=VCC Pin=Q5-3
Added Pin To Net: NetName=VCC Pin=Q5-3
Added Pin To Net: NetName=G3 Pin=Q6-1
Added Pin To Net: NetName=G3 Pin=Q6-1
Added Pin To Net: NetName=A6 Pin=Q6-2
Added Pin To Net: NetName=A6 Pin=Q6-2
Added Pin To Net: NetName=VCC Pin=Q6-3
Added Pin To Net: NetName=VCC Pin=Q6-3
Added Pin To Net: NetName=G2 Pin=Q7-1
Added Pin To Net: NetName=G2 Pin=Q7-1
Added Pin To Net: NetName=A7 Pin=Q7-2
Added Pin To Net: NetName=A7 Pin=Q7-2
Added Pin To Net: NetName=VCC Pin=Q7-3
Added Pin To Net: NetName=VCC Pin=Q7-3
Added Pin To Net: NetName=G1 Pin=Q8-1
Added Pin To Net: NetName=G1 Pin=Q8-1
Added Pin To Net: NetName=A8 Pin=Q8-2
Added Pin To Net: NetName=A8 Pin=Q8-2
Added Pin To Net: NetName=VCC Pin=Q8-3
Added Pin To Net: NetName=VCC Pin=Q8-3
Added Pin To Net: NetName=BL8 Pin=R1-2
Added Pin To Net: NetName=BL8 Pin=R1-2
Added Pin To Net: NetName=BL7 Pin=R2-2
Added Pin To Net: NetName=BL7 Pin=R2-2
Added Pin To Net: NetName=BL6 Pin=R3-2
Added Pin To Net: NetName=BL6 Pin=R3-2
Added Pin To Net: NetName=BL5 Pin=R4-2
Added Pin To Net: NetName=BL5 Pin=R4-2
Added Pin To Net: NetName=BL4 Pin=R5-2
Added Pin To Net: NetName=BL4 Pin=R5-2
Added Pin To Net: NetName=BL3 Pin=R6-2
Added Pin To Net: NetName=BL3 Pin=R6-2
Added Pin To Net: NetName=BL2 Pin=R7-2
Added Pin To Net: NetName=BL2 Pin=R7-2
Added Pin To Net: NetName=BL1 Pin=R8-2
Added Pin To Net: NetName=BL1 Pin=R8-2
Added Pin To Net: NetName=RD8 Pin=R9-2
Added Pin To Net: NetName=RD8 Pin=R9-2
Added Pin To Net: NetName=RD7 Pin=R10-2
Added Pin To Net: NetName=RD7 Pin=R10-2
Added Pin To Net: NetName=RD6 Pin=R11-2
Added Pin To Net: NetName=RD6 Pin=R11-2
Added Pin To Net: NetName=RD5 Pin=R12-2
Added Pin To Net: NetName=RD5 Pin=R12-2
Added Pin To Net: NetName=RD4 Pin=R13-2
Added Pin To Net: NetName=RD4 Pin=R13-2
Added Pin To Net: NetName=RD3 Pin=R14-2
Added Pin To Net: NetName=RD3 Pin=R14-2
Added Pin To Net: NetName=RD2 Pin=R15-2
Added Pin To Net: NetName=RD2 Pin=R15-2
Added Pin To Net: NetName=RD1 Pin=R16-2
Added Pin To Net: NetName=RD1 Pin=R16-2
Added Pin To Net: NetName=GR8 Pin=R17-2
Added Pin To Net: NetName=GR8 Pin=R17-2
Added Pin To Net: NetName=GR7 Pin=R18-2
Added Pin To Net: NetName=GR7 Pin=R18-2
Added Pin To Net: NetName=GR6 Pin=R19-2
Added Pin To Net: NetName=GR6 Pin=R19-2
Added Pin To Net: NetName=GR5 Pin=R20-2
Added Pin To Net: NetName=GR5 Pin=R20-2
Added Pin To Net: NetName=GR4 Pin=R21-2
Added Pin To Net: NetName=GR4 Pin=R21-2
Added Pin To Net: NetName=GR3 Pin=R22-2
Added Pin To Net: NetName=GR3 Pin=R22-2
Added Pin To Net: NetName=GR2 Pin=R23-2
Added Pin To Net: NetName=GR2 Pin=R23-2
Added Pin To Net: NetName=GR1 Pin=R24-2
Added Pin To Net: NetName=GR1 Pin=R24-2
Added Pin To Net: NetName=VCC Pin=R25-2
Added Pin To Net: NetName=GND Pin=U1-8
Added Pin To Net: NetName=GND Pin=U1-8
Added Pin To Net: NetName=VCC Pin=U1-10
Added Pin To Net: NetName=VCC Pin=U1-10
Added Pin To Net: NetName=SS Pin=U1-11
Added Pin To Net: NetName=SS Pin=U1-11
Added Pin To Net: NetName=LT Pin=U1-12
Added Pin To Net: NetName=LT Pin=U1-12
Added Pin To Net: NetName=MOSI Pin=U1-14
Added Pin To Net: NetName=VCC Pin=U1-16
Added Pin To Net: NetName=VCC Pin=U1-16
Added Pin To Net: NetName=GND Pin=U2-8
Added Pin To Net: NetName=GND Pin=U2-8
Added Pin To Net: NetName=VCC Pin=U2-10
Added Pin To Net: NetName=VCC Pin=U2-10
Added Pin To Net: NetName=SS Pin=U2-11
Added Pin To Net: NetName=SS Pin=U2-11
Added Pin To Net: NetName=LT Pin=U2-12
Added Pin To Net: NetName=LT Pin=U2-12
Added Pin To Net: NetName=VCC Pin=U2-16
Added Pin To Net: NetName=VCC Pin=U2-16
Added Pin To Net: NetName=GND Pin=U3-8
Added Pin To Net: NetName=GND Pin=U3-8
Added Pin To Net: NetName=VCC Pin=U3-10
Added Pin To Net: NetName=VCC Pin=U3-10
Added Pin To Net: NetName=SS Pin=U3-11
Added Pin To Net: NetName=SS Pin=U3-11
Added Pin To Net: NetName=LT Pin=U3-12
Added Pin To Net: NetName=LT Pin=U3-12
Added Pin To Net: NetName=VCC Pin=U3-16
Added Pin To Net: NetName=VCC Pin=U3-16
Added Pin To Net: NetName=G7 Pin=U4-1
Added Pin To Net: NetName=G7 Pin=U4-1
Added Pin To Net: NetName=G6 Pin=U4-2
Added Pin To Net: NetName=G6 Pin=U4-2
Added Pin To Net: NetName=G5 Pin=U4-3
Added Pin To Net: NetName=G5 Pin=U4-3
Added Pin To Net: NetName=G4 Pin=U4-4
Added Pin To Net: NetName=G4 Pin=U4-4
Added Pin To Net: NetName=G3 Pin=U4-5
Added Pin To Net: NetName=G3 Pin=U4-5
Added Pin To Net: NetName=G2 Pin=U4-6
Added Pin To Net: NetName=G2 Pin=U4-6
Added Pin To Net: NetName=G1 Pin=U4-7
Added Pin To Net: NetName=G1 Pin=U4-7
Added Pin To Net: NetName=GND Pin=U4-8
Added Pin To Net: NetName=GND Pin=U4-8
Added Pin To Net: NetName=Q7S Pin=U4-9
Added Pin To Net: NetName=VCC Pin=U4-10
Added Pin To Net: NetName=VCC Pin=U4-10
Added Pin To Net: NetName=SS Pin=U4-11
Added Pin To Net: NetName=SS Pin=U4-11
Added Pin To Net: NetName=LT Pin=U4-12
Added Pin To Net: NetName=LT Pin=U4-12
Added Pin To Net: NetName=G8 Pin=U4-15
Added Pin To Net: NetName=G8 Pin=U4-15
Added Pin To Net: NetName=VCC Pin=U4-16
Added Pin To Net: NetName=VCC Pin=U4-16
Added Pin To Net: NetName=DIN Pin=P5-2
Added Pin To Net: NetName=DIN Pin=U1-14
Added Net: Name=DIN
Added Pin To Net: NetName=DOUT Pin=P5-6
Added Pin To Net: NetName=DOUT Pin=R25-1
Added Pin To Net: NetName=DOUT Pin=U4-9
Added Net: Name=DOUT
Added Pin To Net: NetName=E\N\ Pin=U1-13
Added Pin To Net: NetName=E\N\ Pin=U2-13
Added Pin To Net: NetName=E\N\ Pin=U3-13
Added Pin To Net: NetName=E\N\ Pin=U4-13
Added Net: Name=E\N\
Added Pin To Net: NetName=EN Pin=P5-5
Added Pin To Net: NetName=EN Pin=U1-13
Added Pin To Net: NetName=EN Pin=U2-13
Added Pin To Net: NetName=EN Pin=U3-13
Added Pin To Net: NetName=EN Pin=U4-13
Added Net: Name=EN
Added Class: Name=matrix_sh
Added Class: Name=schematic2
Added Member To Class: ClassName=schematic Member=Component Q6 IRLML6402
Added Room: Name=matrix_sh
Added Room: Name=schematic2
Added Room: Name=schematic
